<?xml version="1.0" encoding="utf-8"?><testsuites name="pytest tests"><testsuite name="pytest" errors="0" failures="0" skipped="0" tests="33" time="9.045" timestamp="2026-05-02T17:54:20.955697+00:00" hostname="agent-env-83212b8a-07ad-455b-9506-14871c691f3b"><testcase classname="backend.tests.test_v3_messaging.TestWelcomeNotification" name="test_register_creates_welcome_inbox_with_creds" time="0.482" /><testcase classname="backend.tests.test_v3_messaging.TestAdminSendAll" name="test_send_all_creates_for_each_parent" time="0.725" /><testcase classname="backend.tests.test_v3_messaging.TestAdminSendSpecific" name="test_user_recipient_missing_user_id_400" time="0.053" /><testcase classname="backend.tests.test_v3_messaging.TestAdminSendSpecific" name="test_unknown_user_id_404" time="0.057" /><testcase classname="backend.tests.test_v3_messaging.TestAdminSendSpecific" name="test_send_to_specific_with_image_excludes_others" time="0.151" /><testcase classname="backend.tests.test_v3_messaging.TestAdminAuth" name="test_parent_forbidden" time="0.049" /><testcase classname="backend.tests.test_v3_messaging.TestMarkRead" name="test_mark_read_reduces_unread" time="0.172" /><testcase classname="backend.tests.test_pragati_path.TestAuth" name="test_register_and_me" time="0.417" /><testcase classname="backend.tests.test_pragati_path.TestAuth" name="test_login_invalid" time="0.270" /><testcase classname="backend.tests.test_pragati_path.TestAuth" name="test_me_unauth" time="0.050" /><testcase classname="backend.tests.test_pragati_path.TestChildren" name="test_register_autocreates_child" time="0.051" /><testcase classname="backend.tests.test_pragati_path.TestChildren" name="test_add_second_child" time="0.094" /><testcase classname="backend.tests.test_pragati_path.TestChildren" name="test_update_child" time="0.051" /><testcase classname="backend.tests.test_pragati_path.TestChildren" name="test_admin_cannot_add_child" time="0.330" /><testcase classname="backend.tests.test_pragati_path.TestChildren" name="test_admin_list_all_children" time="0.054" /><testcase classname="backend.tests.test_pragati_path.TestChildren" name="test_parent_cannot_list_all_children" time="0.051" /><testcase classname="backend.tests.test_pragati_path.TestChildren" name="test_delete_child" time="0.100" /><testcase classname="backend.tests.test_pragati_path.TestItems" name="test_default_seeded_items" time="0.047" /><testcase classname="backend.tests.test_pragati_path.TestItems" name="test_parent_forbidden_admin_items" time="0.093" /><testcase classname="backend.tests.test_pragati_path.TestItems" name="test_admin_item_crud_and_type_validation" time="0.194" /><testcase classname="backend.tests.test_pragati_path.TestPayments" name="test_empty_items_rejected" time="0.047" /><testcase classname="backend.tests.test_pragati_path.TestPayments" name="test_admin_cannot_pay" time="0.093" /><testcase classname="backend.tests.test_pragati_path.TestPayments" name="test_course_payment_with_child_approve_enrolls" time="0.476" /><testcase classname="backend.tests.test_pragati_path.TestPayments" name="test_payment_detail_owner_and_foreign_parent" time="0.427" /><testcase classname="backend.tests.test_pragati_path.TestPayments" name="test_enrollment_notification_with_creds" time="1.055" /><testcase classname="backend.tests.test_pragati_path.TestPayments" name="test_login_with_new_password" time="0.272" /><testcase classname="backend.tests.test_pragati_path.TestPayments" name="test_second_course_payment_no_enroll_template" time="1.206" /><testcase classname="backend.tests.test_pragati_path.TestPayments" name="test_non_course_payment_gets_payment_approved_notif" time="1.472" /><testcase classname="backend.tests.test_pragati_path.TestAttendance" name="test_mark_upsert_and_list" time="0.144" /><testcase classname="backend.tests.test_pragati_path.TestAttendance" name="test_parent_view_own_child" time="0.048" /><testcase classname="backend.tests.test_pragati_path.TestAttendance" name="test_parent_forbidden_other_child" time="0.097" /><testcase classname="backend.tests.test_pragati_path.TestAdminMeta" name="test_stats_has_children_fields" time="0.049" /><testcase classname="backend.tests.test_pragati_path.TestAdminMeta" name="test_users_excludes_password_and_issued" time="0.049" /></testsuite></testsuites>