<?xml version="1.0" encoding="utf-8"?><testsuites name="pytest tests"><testsuite name="pytest" errors="0" failures="0" skipped="0" tests="26" time="7.867" timestamp="2026-05-02T17:22:33.023269+00:00" hostname="agent-env-83212b8a-07ad-455b-9506-14871c691f3b"><testcase classname="backend.tests.test_pragati_path.TestAuth" name="test_register_and_me" time="0.545" /><testcase classname="backend.tests.test_pragati_path.TestAuth" name="test_login_invalid" time="0.278" /><testcase classname="backend.tests.test_pragati_path.TestAuth" name="test_me_unauth" time="0.062" /><testcase classname="backend.tests.test_pragati_path.TestChildren" name="test_register_autocreates_child" time="0.067" /><testcase classname="backend.tests.test_pragati_path.TestChildren" name="test_add_second_child" time="0.120" /><testcase classname="backend.tests.test_pragati_path.TestChildren" name="test_update_child" time="0.063" /><testcase classname="backend.tests.test_pragati_path.TestChildren" name="test_admin_cannot_add_child" time="0.336" /><testcase classname="backend.tests.test_pragati_path.TestChildren" name="test_admin_list_all_children" time="0.058" /><testcase classname="backend.tests.test_pragati_path.TestChildren" name="test_parent_cannot_list_all_children" time="0.055" /><testcase classname="backend.tests.test_pragati_path.TestChildren" name="test_delete_child" time="0.111" /><testcase classname="backend.tests.test_pragati_path.TestItems" name="test_default_seeded_items" time="0.058" /><testcase classname="backend.tests.test_pragati_path.TestItems" name="test_parent_forbidden_admin_items" time="0.130" /><testcase classname="backend.tests.test_pragati_path.TestItems" name="test_admin_item_crud_and_type_validation" time="0.230" /><testcase classname="backend.tests.test_pragati_path.TestPayments" name="test_empty_items_rejected" time="0.062" /><testcase classname="backend.tests.test_pragati_path.TestPayments" name="test_admin_cannot_pay" time="0.107" /><testcase classname="backend.tests.test_pragati_path.TestPayments" name="test_course_payment_with_child_approve_enrolls" time="0.502" /><testcase classname="backend.tests.test_pragati_path.TestPayments" name="test_payment_detail_owner_and_foreign_parent" time="0.439" /><testcase classname="backend.tests.test_pragati_path.TestPayments" name="test_enrollment_notification_with_creds" time="1.060" /><testcase classname="backend.tests.test_pragati_path.TestPayments" name="test_login_with_new_password" time="0.286" /><testcase classname="backend.tests.test_pragati_path.TestPayments" name="test_second_course_payment_no_enroll_template" time="1.223" /><testcase classname="backend.tests.test_pragati_path.TestPayments" name="test_non_course_payment_gets_payment_approved_notif" time="1.502" /><testcase classname="backend.tests.test_pragati_path.TestAttendance" name="test_mark_upsert_and_list" time="0.175" /><testcase classname="backend.tests.test_pragati_path.TestAttendance" name="test_parent_view_own_child" time="0.056" /><testcase classname="backend.tests.test_pragati_path.TestAttendance" name="test_parent_forbidden_other_child" time="0.108" /><testcase classname="backend.tests.test_pragati_path.TestAdminMeta" name="test_stats_has_children_fields" time="0.060" /><testcase classname="backend.tests.test_pragati_path.TestAdminMeta" name="test_users_excludes_password_and_issued" time="0.055" /></testsuite></testsuites>